<?xml version="1.0" encoding="UTF-8" ?>
<testsuite failures="0" time="0.54" errors="0" skipped="0" tests="1" name="com.eshore.account.persist.AccountPersistServiceTest">
  <properties>
    <property name="java.runtime.name" value="Java(TM) SE Runtime Environment"/>
    <property name="sun.boot.library.path" value="D:\Program Files (x86)\Java\jdk1.6.0_24\jre\bin"/>
    <property name="java.vm.version" value="19.1-b02"/>
    <property name="java.vm.vendor" value="Sun Microsystems Inc."/>
    <property name="java.vendor.url" value="http://java.sun.com/"/>
    <property name="path.separator" value=";"/>
    <property name="java.vm.name" value="Java HotSpot(TM) Client VM"/>
    <property name="file.encoding.pkg" value="sun.io"/>
    <property name="user.country" value="CN"/>
    <property name="sun.java.launcher" value="SUN_STANDARD"/>
    <property name="sun.os.patch.level" value=""/>
    <property name="java.vm.specification.name" value="Java Virtual Machine Specification"/>
    <property name="user.dir" value="D:\workspace\account\account-parent\account-persist"/>
    <property name="java.runtime.version" value="1.6.0_24-b07"/>
    <property name="java.awt.graphicsenv" value="sun.awt.Win32GraphicsEnvironment"/>
    <property name="basedir" value="D:\workspace\account\account-parent\account-persist"/>
    <property name="java.endorsed.dirs" value="D:\Program Files (x86)\Java\jdk1.6.0_24\jre\lib\endorsed"/>
    <property name="os.arch" value="x86"/>
    <property name="surefire.real.class.path" value="D:\workspace\account\account-parent\account-persist\target\surefire\surefirebooter5133545771031491899.jar"/>
    <property name="java.io.tmpdir" value="C:\Users\lenovo\AppData\Local\Temp\"/>
    <property name="line.separator" value="
"/>
    <property name="java.vm.specification.vendor" value="Sun Microsystems Inc."/>
    <property name="user.variant" value=""/>
    <property name="os.name" value="Windows 7"/>
    <property name="sun.jnu.encoding" value="GBK"/>
    <property name="java.library.path" value="D:\Program Files (x86)\Java\jdk1.6.0_24\jre\bin;.;C:\Windows\Sun\Java\bin;C:\Windows\system32;C:\Windows;D:/Program Files (x86)/Java/jdk1.6.0_24/bin/../jre/bin/client;D:/Program Files (x86)/Java/jdk1.6.0_24/bin/../jre/bin;D:/Program Files (x86)/Java/jdk1.6.0_24/bin/../jre/lib/i386;C:\Windows\system32;C:\Windows;C:\Windows\System32\Wbem;C:\Windows\System32\WindowsPowerShell\v1.0\;C:\Program Files\Lenovo\Bluetooth Software\;C:\Program Files\EgisTec BioExcess\;C:\Program Files\Common Files\Thunder Network\KanKan\Codecs;D:\Program Files (x86)\Java\jdk1.6.0_24\bin;D:\Program Files (x86)\Java\jdk1.6.0_24\jre\bin;d:\cygwin\bin;d:\cygwin\usr\bin;D:\document\study\hadoop\apache-ant-1.8.4-bin\apache-ant-1.8.4\bin;C:\Program Files\Microsoft SQL Server\90\Tools\binn\;D:\document\study\maven\apache-maven-3.0.4\bin;D:\Program Files\SSH Communications Security\SSH Secure Shell;D:\eclipse\eclipse-jee-juno-win32\eclipse;"/>
    <property name="surefire.test.class.path" value="D:\workspace\account\account-parent\account-persist\target\test-classes;D:\workspace\account\account-parent\account-persist\target\classes;D:\document\study\maven\repository\org\springframework\spring-core\2.5.6\spring-core-2.5.6.jar;D:\document\study\maven\repository\commons-logging\commons-logging\1.1.1\commons-logging-1.1.1.jar;D:\document\study\maven\repository\org\springframework\spring-beans\2.5.6\spring-beans-2.5.6.jar;D:\document\study\maven\repository\org\springframework\spring-context\2.5.6\spring-context-2.5.6.jar;D:\document\study\maven\repository\aopalliance\aopalliance\1.0\aopalliance-1.0.jar;D:\document\study\maven\repository\junit\junit\4.7\junit-4.7.jar;D:\document\study\maven\repository\dom4j\dom4j\1.6.1\dom4j-1.6.1.jar;D:\document\study\maven\repository\xml-apis\xml-apis\1.0.b2\xml-apis-1.0.b2.jar;"/>
    <property name="java.specification.name" value="Java Platform API Specification"/>
    <property name="java.class.version" value="50.0"/>
    <property name="sun.management.compiler" value="HotSpot Client Compiler"/>
    <property name="os.version" value="6.1"/>
    <property name="user.home" value="C:\Users\lenovo"/>
    <property name="user.timezone" value="Asia/Shanghai"/>
    <property name="java.awt.printerjob" value="sun.awt.windows.WPrinterJob"/>
    <property name="java.specification.version" value="1.6"/>
    <property name="file.encoding" value="GBK"/>
    <property name="user.name" value="hadoop"/>
    <property name="java.class.path" value="D:\workspace\account\account-parent\account-persist\target\test-classes;D:\workspace\account\account-parent\account-persist\target\classes;D:\document\study\maven\repository\org\springframework\spring-core\2.5.6\spring-core-2.5.6.jar;D:\document\study\maven\repository\commons-logging\commons-logging\1.1.1\commons-logging-1.1.1.jar;D:\document\study\maven\repository\org\springframework\spring-beans\2.5.6\spring-beans-2.5.6.jar;D:\document\study\maven\repository\org\springframework\spring-context\2.5.6\spring-context-2.5.6.jar;D:\document\study\maven\repository\aopalliance\aopalliance\1.0\aopalliance-1.0.jar;D:\document\study\maven\repository\junit\junit\4.7\junit-4.7.jar;D:\document\study\maven\repository\dom4j\dom4j\1.6.1\dom4j-1.6.1.jar;D:\document\study\maven\repository\xml-apis\xml-apis\1.0.b2\xml-apis-1.0.b2.jar;"/>
    <property name="java.vm.specification.version" value="1.0"/>
    <property name="sun.arch.data.model" value="32"/>
    <property name="java.home" value="D:\Program Files (x86)\Java\jdk1.6.0_24\jre"/>
    <property name="java.specification.vendor" value="Sun Microsystems Inc."/>
    <property name="user.language" value="zh"/>
    <property name="awt.toolkit" value="sun.awt.windows.WToolkit"/>
    <property name="java.vm.info" value="mixed mode, sharing"/>
    <property name="java.version" value="1.6.0_24"/>
    <property name="java.ext.dirs" value="D:\Program Files (x86)\Java\jdk1.6.0_24\jre\lib\ext;C:\Windows\Sun\Java\lib\ext"/>
    <property name="sun.boot.class.path" value="D:\Program Files (x86)\Java\jdk1.6.0_24\jre\lib\resources.jar;D:\Program Files (x86)\Java\jdk1.6.0_24\jre\lib\rt.jar;D:\Program Files (x86)\Java\jdk1.6.0_24\jre\lib\sunrsasign.jar;D:\Program Files (x86)\Java\jdk1.6.0_24\jre\lib\jsse.jar;D:\Program Files (x86)\Java\jdk1.6.0_24\jre\lib\jce.jar;D:\Program Files (x86)\Java\jdk1.6.0_24\jre\lib\charsets.jar;D:\Program Files (x86)\Java\jdk1.6.0_24\jre\lib\modules\jdk.boot.jar;D:\Program Files (x86)\Java\jdk1.6.0_24\jre\classes"/>
    <property name="java.vendor" value="Sun Microsystems Inc."/>
    <property name="localRepository" value="D:\document\study\maven\repository"/>
    <property name="file.separator" value="\"/>
    <property name="java.vendor.url.bug" value="http://java.sun.com/cgi-bin/bugreport.cgi"/>
    <property name="sun.cpu.endian" value="little"/>
    <property name="sun.io.unicode.encoding" value="UnicodeLittle"/>
    <property name="sun.desktop" value="windows"/>
    <property name="sun.cpu.isalist" value="pentium_pro+mmx pentium_pro pentium+mmx pentium i486 i386 i86"/>
  </properties>
  <testcase time="0.504" classname="com.eshore.account.persist.AccountPersistServiceTest" name="testReadAccount"/>
</testsuite>